<?xml version="1.0" encoding="UTF-8"?>
<!-- Generated by org.testng.reporters.JUnitReportReporter -->
<testsuite skipped="0" hostname="Rohit3149170" name="module1.module1" tests="1" failures="0" timestamp="23 Oct 2018 07:54:12 GMT" time="10.238" errors="0">
  <testcase name="abc" time="10.238" classname="module1.module1"/>
</testsuite> <!-- module1.module1 -->
