<?xml version="1.0" encoding="UTF-8"?>
<!-- Generated by org.testng.reporters.JUnitReportReporter -->
<testsuite skipped="0" hostname="Rohit3149170" name="module2.module2" tests="1" failures="0" timestamp="23 Oct 2018 07:54:12 GMT" time="8.811" errors="0">
  <testcase name="adbd" time="8.811" classname="module2.module2"/>
</testsuite> <!-- module2.module2 -->
